<?xml version="1.0" encoding="UTF-8"?>
<!-- Generated by org.testng.reporters.JUnitReportReporter -->
<testsuite hostname="SWQA-1" failures="0" tests="1" name="testTest" time="3.754" errors="0" timestamp="2024-04-03T13:41:29 BST" skipped="0">
  <testcase classname="testTest" name="mainTest" time="3.754"/>
</testsuite> <!-- testTest -->
