<?xml version="1.0" encoding="UTF-8"?>
<!-- Generated by org.testng.reporters.JUnitReportReporter -->
<testsuite hostname="SWQA-1" failures="0" tests="1" name="Inheritchild" time="13.175" errors="0" timestamp="2024-04-05T08:20:14 BST" skipped="0">
  <testcase classname="Inheritchild" name="clogin" time="13.175"/>
</testsuite> <!-- Inheritchild -->
